Detecting C [-std=c11] compiler features failed to compile with the following output:
Change Dir: /Users/goitomhadishe/CSS343ASS#4/cmake-build-debug/CMakeFiles/CMakeTmp

Run Build Command:"/usr/bin/make" "cmTC_f2192/fast"
/Applications/Xcode.app/Contents/Developer/usr/bin/make -f CMakeFiles/cmTC_f2192.dir/build.make CMakeFiles/cmTC_f2192.dir/build
make[1]: *** No rule to make target `/Users/goitomhadishe/CSS343ASS', needed by `CMakeFiles/cmTC_f2192.dir/feature_tests.c.o'.  Stop.
make: *** [cmTC_f2192/fast] Error 2



Detecting CXX [-std=c++1z] compiler features failed to compile with the following output:
Change Dir: /Users/goitomhadishe/CSS343ASS#4/cmake-build-debug/CMakeFiles/CMakeTmp

Run Build Command:"/usr/bin/make" "cmTC_d58a4/fast"
/Applications/Xcode.app/Contents/Developer/usr/bin/make -f CMakeFiles/cmTC_d58a4.dir/build.make CMakeFiles/cmTC_d58a4.dir/build
make[1]: *** No rule to make target `/Users/goitomhadishe/CSS343ASS', needed by `CMakeFiles/cmTC_d58a4.dir/feature_tests.cxx.o'.  Stop.
make: *** [cmTC_d58a4/fast] Error 2



